(?<host>\S*) (?<clock>{.*})\n(?<event>.*)


Jacobi0 {"Jacobi0":1}
Initialization Complete
Jacobi0 {"Jacobi0":2}
Tx BARRREQ
Jacobi0 {"Jacobi0":3}
Rx BARRREQ
Jacobi0 {"Jacobi0":4, "Jacobi1":2}
Rx BARRREQ
Jacobi0 {"Jacobi0":5, "Jacobi1":2}
Tx BARRRSP
Jacobi0 {"Jacobi0":6, "Jacobi1":2}
Tx BARRREQ
Jacobi0 {"Jacobi0":7, "Jacobi1":2}
Rx BARRREQ
Jacobi0 {"Jacobi0":8, "Jacobi1":4}
Rx PAGEREQ
Jacobi0 {"Jacobi0":9, "Jacobi1":4}
Tx PAGERSP
Jacobi0 {"Jacobi1":6, "Jacobi0":10}
Rx PAGEREQ
Jacobi0 {"Jacobi0":11, "Jacobi1":6}
Tx PAGERSP
Jacobi0 {"Jacobi1":8, "Jacobi0":12}
Rx PAGEREQ
Jacobi0 {"Jacobi1":8, "Jacobi0":13}
Tx PAGERSP
Jacobi0 {"Jacobi1":10, "Jacobi0":14}
Rx PAGEREQ
Jacobi0 {"Jacobi1":10, "Jacobi0":15}
Tx PAGERSP
Jacobi0 {"Jacobi1":12, "Jacobi0":16}
Rx PAGEREQ
Jacobi0 {"Jacobi1":12, "Jacobi0":17}
Tx PAGERSP
Jacobi0 {"Jacobi1":14, "Jacobi0":18}
Rx PAGEREQ
Jacobi0 {"Jacobi1":14, "Jacobi0":19}
Tx PAGERSP
Jacobi0 {"Jacobi1":16, "Jacobi0":20}
Rx PAGEREQ
Jacobi0 {"Jacobi1":16, "Jacobi0":21}
Tx PAGERSP
Jacobi0 {"Jacobi1":18, "Jacobi0":22}
Rx PAGEREQ
Jacobi0 {"Jacobi0":23, "Jacobi1":18}
Tx PAGERSP
Jacobi0 {"Jacobi0":24, "Jacobi1":20}
Rx BARRREQ
Jacobi0 {"Jacobi0":25, "Jacobi1":20}
Tx BARRRSP
Jacobi0 {"Jacobi0":26, "Jacobi1":20}
Tx BARRREQ
Jacobi0 {"Jacobi0":27, "Jacobi1":20}
Rx BARRREQ
Jacobi0 {"Jacobi0":28, "Jacobi1":22}
Rx BARRREQ
Jacobi0 {"Jacobi0":29, "Jacobi1":22}
Tx BARRRSP
Jacobi0 {"Jacobi1":22, "Jacobi0":30}
Tx BARRREQ
Jacobi0 {"Jacobi0":31, "Jacobi1":22}
Rx BARRREQ
Jacobi0 {"Jacobi0":32, "Jacobi1":24}
Rx BARRREQ
Jacobi0 {"Jacobi1":24, "Jacobi0":33}
Tx BARRRSP
Jacobi0 {"Jacobi0":34, "Jacobi1":24}
Tx BARRREQ
Jacobi0 {"Jacobi0":35, "Jacobi1":24}
Rx BARRREQ
Jacobi0 {"Jacobi0":36, "Jacobi1":26}
Rx BARRREQ
Jacobi0 {"Jacobi0":37, "Jacobi1":26}
Tx BARRRSP
Jacobi0 {"Jacobi0":38, "Jacobi1":26}
Tx BARRREQ
Jacobi0 {"Jacobi0":39, "Jacobi1":26}
Rx BARRREQ
Jacobi0 {"Jacobi0":40, "Jacobi1":28}
Rx BARRREQ
Jacobi0 {"Jacobi0":41, "Jacobi1":28}
Tx BARRRSP
Jacobi0 {"Jacobi1":30, "Jacobi0":42}
Rx BARRREQ
Jacobi0 {"Jacobi0":43, "Jacobi1":30}
Tx BARRREQ
Jacobi0 {"Jacobi1":30, "Jacobi0":44}
Rx BARRREQ
Jacobi0 {"Jacobi1":30, "Jacobi0":45}
Tx BARRRSP
Jacobi1 {"Jacobi1":1}
Initialization Complete
Jacobi1 {"Jacobi1":2}
Tx BARRREQ
Jacobi1 {"Jacobi0":5, "Jacobi1":3}
Rx BARRRSP
Jacobi1 {"Jacobi1":4, "Jacobi0":5}
Tx PAGEREQ
Jacobi1 {"Jacobi1":5, "Jacobi0":9}
Rx PAGERSP
Jacobi1 {"Jacobi0":9, "Jacobi1":6}
Tx PAGEREQ
Jacobi1 {"Jacobi1":7, "Jacobi0":11}
Rx PAGERSP
Jacobi1 {"Jacobi1":8, "Jacobi0":11}
Tx PAGEREQ
Jacobi1 {"Jacobi1":9, "Jacobi0":13}
Rx PAGERSP
Jacobi1 {"Jacobi1":10, "Jacobi0":13}
Tx PAGEREQ
Jacobi1 {"Jacobi1":11, "Jacobi0":15}
Rx PAGERSP
Jacobi1 {"Jacobi1":12, "Jacobi0":15}
Tx PAGEREQ
Jacobi1 {"Jacobi1":13, "Jacobi0":17}
Rx PAGERSP
Jacobi1 {"Jacobi1":14, "Jacobi0":17}
Tx PAGEREQ
Jacobi1 {"Jacobi0":19, "Jacobi1":15}
Rx PAGERSP
Jacobi1 {"Jacobi0":19, "Jacobi1":16}
Tx PAGEREQ
Jacobi1 {"Jacobi0":21, "Jacobi1":17}
Rx PAGERSP
Jacobi1 {"Jacobi0":21, "Jacobi1":18}
Tx PAGEREQ
Jacobi1 {"Jacobi0":23, "Jacobi1":19}
Rx PAGERSP
Jacobi1 {"Jacobi0":23, "Jacobi1":20}
Tx BARRREQ
Jacobi1 {"Jacobi0":25, "Jacobi1":21}
Rx BARRRSP
Jacobi1 {"Jacobi0":25, "Jacobi1":22}
Tx BARRREQ
Jacobi1 {"Jacobi0":29, "Jacobi1":23}
Rx BARRRSP
Jacobi1 {"Jacobi0":29, "Jacobi1":24}
Tx BARRREQ
Jacobi1 {"Jacobi0":33, "Jacobi1":25}
Rx BARRRSP
Jacobi1 {"Jacobi1":26, "Jacobi0":33}
Tx BARRREQ
Jacobi1 {"Jacobi1":27, "Jacobi0":37}
Rx BARRRSP
Jacobi1 {"Jacobi1":28, "Jacobi0":37}
Tx BARRREQ
Jacobi1 {"Jacobi1":29, "Jacobi0":41}
Rx BARRRSP
Jacobi1 {"Jacobi1":30, "Jacobi0":41}
Tx BARRREQ
Jacobi1 {"Jacobi1":31, "Jacobi0":45}
Rx BARRRSP
